<?xml version="1.0" encoding="UTF-8"?>
<testsuite xmlns:xsi="http://www.w3.org/2001/XMLSchema-instance" xsi:noNamespaceSchemaLocation="https://maven.apache.org/surefire/maven-surefire-plugin/xsd/surefire-test-report-3.0.xsd" version="3.0" name="mapping.test.MappingDevModeTest" time="2.585" tests="1" errors="0" skipped="0" failures="0">
  <properties>
[...]
</properties>
  <testcase name="writeYourOwnDevModeTest" classname="mapping.test.MappingDevModeTest" time="2.56">
    <system-out><![CDATA[&amp#27;[94mTests paused&amp#27;[39m
2023-03-08 20:48:04,966 INFO  [io.quarkus] (Quarkus Main Thread) mapping-deployment 1.0.0-SNAPSHOT on JVM (powered by Quarkus 2.16.4.Final) started in 1.337s. 
2023-03-08 20:48:04,968 INFO  [io.quarkus] (Quarkus Main Thread) Profile dev activated. Live Coding activated.
2023-03-08 20:48:04,968 INFO  [io.quarkus] (Quarkus Main Thread) Installed features: [cdi, mapping]
2023-03-08 20:48:04,983 ERROR [io.qua.run.Quarkus] (main) 'Quarkus#blockingExit' was called on the main thread. This will result in deadlocking the application!
2023-03-08 20:48:04,995 INFO  [io.quarkus] (Quarkus Main Thread) mapping-deployment stopped in 0.012s
]]></system-out>
  </testcase>
</testsuite>